#
#
#
#
#
#    Don't try viewing this report without a plog-converter utility!!!
#
#    plog-converter -a GA:1,2 -t tasklist -o report.tasks /path/to/this/file.log
#
#    A link to the documentation: https://www.viva64.com/en/m/0036/
#
#
#
#
#
d99cf3ba-6fcd-43f9-9260-1179fa3a9bed
r-vUVbw<6y|D3 h22y|D3JVby|D3(a88o(`ua>u2(k-ku}'y|D3uaa8ay|D3r[i[y|D3,LucNk-kuw39h  uaNck8->ouac]U=cho-2-:u_c9u 8auc-oc]U=cvua- -u_cUjU->=oc>h22koa}c{Lu'sc2->u=%cJVbEcJG*}y|D3 U2=uy|D3xy|D3cccc- c; -a=oCuU_.-:ucyc9fou=,8CuU_^y|D3ccccccccPuP'kf;9h ctc -a=oCuU_.-:uEck-kuw39h  uaEc9fou=,8CuU_cwc -a=oCuU_.-:u^ny|D3y|D3JVbEJG*y|D3{4<wbGV
r-vUVbw<6y|D3 h22y|D3xSXy|D3(a88o(`ua>u2(ka8'u==}'y|D3uaa8ay|D3r[JJy|D3,LuaucP-jLoc9uc_uau uau>'->jc8 cUck8ou>o-U2c>h22ck8->ouacNUajv{8kfN}y|D3 U2=uy|D3*y|D3y|D3cccccccc- c;;Uajv{8kf!-"cmcPPKPU228';2u>joL^^cmmcQg@@^cdy|D3ccccccccccccPPK auu;=oU's<>_^ny|D3y|D3{4<wViS
r-vUVbw<6y|D3 h22y|D3xJ*y|D3(a88o(`ua>u2(suf98Ua_}'y|D3uaa8ay|D3r[VVy|D3,Luc->oujuac'8>=oU>oc-=c'8>vuaou_co8ck8->oua}c\8==-92fcU>cuaa8ac8acUc9U_c'8_->jc=of2u%c;v8-_c+^cxy|D3 U2=uy|D3*y|D3->ocs9_KPUk,8\a8'u==T_;,\-_ck-_Ec->oc _^cdy|D3ccccauoha>cka'KPUkT_;k-_Ec _Ec;v8-_+^xEcZ _CuU_IU>_2uaEcQg@@EcZ _{28=uIU>_2uaEcZ _FhkIU>_2ua^ny|D3By|D3y|D3{4<w[XG
r-vUVbw<6y|D3 h22y|D3*xy|D3(a88o(`ua>u2(sua>u2}'y|D3uaa8ay|D3r[VVy|D3,Luc->oujuac'8>=oU>oc-=c'8>vuaou_co8ck8->oua}c\8==-92fcU>cuaa8ac8acUc9U_c'8_->jc=of2u%c;v8-_c+^cS/bSSSSSy|D3 U2=uy|D3*y|D3=oUo-'c'8>=och->oVbKoc\Uju.-:ucmcS/xSSSny|D3=oUo-'cv8-_+c'8>=oc=UPk2u{8_u68_h2u$__au==cmc;v8-_+^S/bSSSSSny|D3=oUo-'cv8-_+c'8>=oc=UPk2uFUoU68_h2u$__au==cmc;v8-_+^S/[SSSSSny|D3y|D3{4<w[XG
r-vUVbw<6y|D3 h22y|D3*Jy|D3(a88o(`ua>u2(sua>u2}'y|D3uaa8ay|D3r[VVy|D3,Luc->oujuac'8>=oU>oc-=c'8>vuaou_co8ck8->oua}c\8==-92fcU>cuaa8ac8acUc9U_c'8_->jc=of2u%c;v8-_c+^cS/[SSSSSy|D3 U2=uy|D3*y|D3=oUo-'cv8-_+c'8>=oc=UPk2u{8_u68_h2u$__au==cmc;v8-_+^S/bSSSSSny|D3=oUo-'cv8-_+c'8>=oc=UPk2uFUoU68_h2u$__au==cmc;v8-_+^S/[SSSSSny|D3=oUo-'cv8-_+c'8>=oc=oUaoIuUk$__au=cmc;v8-_+^S/TSSSSSny|D3y|D3{4<w[XG
r-vUVbw<6y|D3 h22y|D3**y|D3(a88o(`ua>u2(sua>u2}'y|D3uaa8ay|D3r[VVy|D3,Luc->oujuac'8>=oU>oc-=c'8>vuaou_co8ck8->oua}c\8==-92fcU>cuaa8ac8acUc9U_c'8_->jc=of2u%c;v8-_c+^cS/TSSSSSy|D3 U2=uy|D3*y|D3=oUo-'cv8-_+c'8>=oc=UPk2uFUoU68_h2u$__au==cmc;v8-_+^S/[SSSSSny|D3=oUo-'cv8-_+c'8>=oc=oUaoIuUk$__au=cmc;v8-_+^S/TSSSSSny|D3=oUo-'cv8-_+c'8>=ocu>_IuUk$__au=cmc;v8-_+^S/JSSSSSSny|D3y|D3{4<w[XG
r-vUVbw<6y|D3 h22y|D3*by|D3(a88o(`ua>u2(sua>u2}'y|D3uaa8ay|D3r[VVy|D3,Luc->oujuac'8>=oU>oc-=c'8>vuaou_co8ck8->oua}c\8==-92fcU>cuaa8ac8acUc9U_c'8_->jc=of2u%c;v8-_c+^cS/JSSSSSSy|D3 U2=uy|D3*y|D3=oUo-'cv8-_+c'8>=oc=oUaoIuUk$__au=cmc;v8-_+^S/TSSSSSny|D3=oUo-'cv8-_+c'8>=ocu>_IuUk$__au=cmc;v8-_+^S/JSSSSSSny|D3y|D3y|D3{4<w[XG
r-vUVbw<6y|D3 h22y|D3Xiy|D3(a88o(g=ua2U>_(.UPk2u{8_u68_h2u(=Lu22}'y|D3uaa8ay|D3r[GVy|D31>'8aau'oc 8aPUo}c{8>=-_uac'Lu's->jcoLuc 8haoLcU'ohU2cUajhPu>oc8 coLucNka->o Nc h>'o-8>}c,8cka->ocoLucvU2huc8 ck8->ouacoLucNYkNc=L8h2_c9uch=u_}y|D3 U2=uy|D3xy|D3y|D3ccccccccka->o ;Rk-_mY_Ec>UPumY=Ec=oU's<>_mY/Ec=oU's.oUaomY/Ec-=T8auja8h>_mY_Ecka-8a-ofmY_Ec=oUoh=mY=Eca=kmY/)>REy|D3ccccccccUaa!-"}k-_EcUaa!-"}>UPuEcUaa!-"}=oU's<>_EcUaa!-"}=oU's.oUaoEcUaa!-"}-=T8auja8h>_EcUaa!-"}ka-8a-ofEc=oUoh=EcUaa!-"}'haau>oC.\^ny|D3y|D3{4<wVXV
r-vUVbw<6y|D3 h22y|D3Xiy|D3(a88o(g=ua2U>_(.UPk2u{8_u68_h2u(=Lu22}'y|D3uaa8ay|D3r[GVy|D31>'8aau'oc 8aPUo}c{8>=-_uac'Lu's->jcoLuc - oLcU'ohU2cUajhPu>oc8 coLucNka->o Nc h>'o-8>}c,8cka->ocoLucvU2huc8 ck8->ouacoLucNYkNc=L8h2_c9uch=u_}y|D3 U2=uy|D3xy|D3y|D3ccccccccka->o ;Rk-_mY_Ec>UPumY=Ec=oU's<>_mY/Ec=oU's.oUaomY/Ec-=T8auja8h>_mY_Ecka-8a-ofmY_Ec=oUoh=mY=Eca=kmY/)>REy|D3ccccccccUaa!-"}k-_EcUaa!-"}>UPuEcUaa!-"}=oU's<>_EcUaa!-"}=oU's.oUaoEcUaa!-"}-=T8auja8h>_EcUaa!-"}ka-8a-ofEc=oUoh=EcUaa!-"}'haau>oC.\^ny|D3y|D3{4<wVXV
r-vUVbw<6y|D3 h22y|D3Xiy|D3(a88o(g=ua2U>_(.UPk2u{8_u68_h2u(=Lu22}'y|D3uaa8ay|D3r[GVy|D31>'8aau'oc 8aPUo}c{8>=-_uac'Lu's->jcoLuc>->oLcU'ohU2cUajhPu>oc8 coLucNka->o Nc h>'o-8>}c,8cka->ocoLucvU2huc8 ck8->ouacoLucNYkNc=L8h2_c9uch=u_}y|D3 U2=uy|D3xy|D3y|D3ccccccccka->o ;Rk-_mY_Ec>UPumY=Ec=oU's<>_mY/Ec=oU's.oUaomY/Ec-=T8auja8h>_mY_Ecka-8a-ofmY_Ec=oUoh=mY=Eca=kmY/)>REy|D3ccccccccUaa!-"}k-_EcUaa!-"}>UPuEcUaa!-"}=oU's<>_EcUaa!-"}=oU's.oUaoEcUaa!-"}-=T8auja8h>_EcUaa!-"}ka-8a-ofEc=oUoh=EcUaa!-"}'haau>oC.\^ny|D3y|D3{4<wVXV
r-vUVbw<6y|D3 h22y|D3xV*y|D3(a88o(g=ua2U>_(.UPk2u{8_u68_h2u(=Lu22}'y|D3uaa8ay|D3r[bGy|D3</kau==-8>cNPuP8af.oUou}ofkucmmcOgFFeNc-=cU2]Uf=coahu}y|D3 U2=uy|D3xy|D3y|D3ccccka->o ;R6uP8afc6U>Ujuac,fku%cY=)>REcPuP8af.oUou}ofkucmmcQ?F<czcRQ?F<Rc%cPuP8af.oUou}ofkucmmcOgFFeczcROgFFeRc%cRgQ`Q?4QR^ny|D3ccccka->o ;R,8oU2cPuP8af%cYh}REcPuP8af.oUou}o8oU2^ny|D3y|D3{4<w[Gx
r-vUVbw<6y|D3 h22y|D3xVby|D3(a88o(g=ua2U>_(.UPk2u{8_u68_h2u(=Lu22}'y|D3uaa8ay|D3r[GVy|D31>'8aau'oc 8aPUo}c{8>=-_uac'Lu's->jcoLuc=u'8>_cU'ohU2cUajhPu>oc8 coLucNka->o Nc h>'o-8>}c,Luc->oujuacUajhPu>oc8 c*Jw9-oc=-:uc-=cu/ku'ou_}y|D3 U2=uy|D3*y|D3ccccka->o ;R6uP8afc6U>Ujuac,fku%cY=)>REcPuP8af.oUou}ofkucmmcQ?F<czcRQ?F<Rc%cPuP8af.oUou}ofkucmmcOgFFeczcROgFFeRc%cRgQ`Q?4QR^ny|D3ccccka->o ;R,8oU2cPuP8af%cYh}REcPuP8af.oUou}o8oU2^ny|D3ccccka->o ;Rcg=u_%cYhc;YhYY^}REcPuP8af.oUou}h=u_Ec;PuP8af.oUou}h=u_c+cxSSc(cPuP8af.oUou}o8oU2^^ny|D3y|D3{4<wVJX
r-vUVbw<6y|D3 h22y|D3xV[y|D3(a88o(g=ua2U>_(.UPk2u{8_u68_h2u(=Lu22}'y|D3uaa8ay|D3r[GVy|D31>'8aau'oc 8aPUo}c{8>=-_uac'Lu's->jcoLuc=u'8>_cU'ohU2cUajhPu>oc8 coLucNka->o Nc h>'o-8>}c,Luc->oujuacUajhPu>oc8 c*Jw9-oc=-:uc-=cu/ku'ou_}y|D3 U2=uy|D3*y|D3ccccka->o ;R,8oU2cPuP8af%cYh}REcPuP8af.oUou}o8oU2^ny|D3ccccka->o ;Rcg=u_%cYhc;YhYY^}REcPuP8af.oUou}h=u_Ec;PuP8af.oUou}h=u_c+cxSSc(cPuP8af.oUou}o8oU2^^ny|D3ccccka->o ;Rc$vU-2U92u%cYh})>REcPuP8af.oUou}o8oU2cwcPuP8af.oUou}h=u_^ny|D3y|D3{4<wVJX
r-vUVbw<6y|D3 h22y|D3xV[y|D3(a88o(g=ua2U>_(.UPk2u{8_u68_h2u(=Lu22}'y|D3uaa8ay|D3r[GVy|D31>'8aau'oc 8aPUo}c{8>=-_uac'Lu's->jcoLucoL-a_cU'ohU2cUajhPu>oc8 coLucNka->o Nc h>'o-8>}c,Luc->oujuacUajhPu>oc8 c*Jw9-oc=-:uc-=cu/ku'ou_}y|D3 U2=uy|D3*y|D3ccccka->o ;R,8oU2cPuP8af%cYh}REcPuP8af.oUou}o8oU2^ny|D3ccccka->o ;Rcg=u_%cYhc;YhYY^}REcPuP8af.oUou}h=u_Ec;PuP8af.oUou}h=u_c+cxSSc(cPuP8af.oUou}o8oU2^^ny|D3ccccka->o ;Rc$vU-2U92u%cYh})>REcPuP8af.oUou}o8oU2cwcPuP8af.oUou}h=u_^ny|D3y|D3{4<wVJX
r-vUVbw<6y|D3 h22y|D3xVVy|D3(a88o(g=ua2U>_(.UPk2u{8_u68_h2u(=Lu22}'y|D3uaa8ay|D3r[GVy|D31>'8aau'oc 8aPUo}c{8>=-_uac'Lu's->jcoLuc=u'8>_cU'ohU2cUajhPu>oc8 coLucNka->o Nc h>'o-8>}c,Luc->oujuacUajhPu>oc8 c*Jw9-oc=-:uc-=cu/ku'ou_}y|D3 U2=uy|D3*y|D3ccccka->o ;Rcg=u_%cYhc;YhYY^}REcPuP8af.oUou}h=u_Ec;PuP8af.oUou}h=u_c+cxSSc(cPuP8af.oUou}o8oU2^^ny|D3ccccka->o ;Rc$vU-2U92u%cYh})>REcPuP8af.oUou}o8oU2cwcPuP8af.oUou}h=u_^ny|D3ccccka->o ;R,8oU2c'Lh>s=%cYh)>REcPuP8af.oUou}'Lh>s=^ny|D3y|D3{4<wVJX
r-vUVbw<6y|D3 h22y|D3xxJy|D3(a88o(g=ua2U>_(.UPk2u{8_u68_h2u(h=ua=o_2-9}'y|D3uaa8ay|D3r[bGy|D3</kau==-8>cN-cycSNc-=cU2]Uf=c U2=u}cg>=-j>u_cofkucvU2huc-=c>uvuacycS}y|D3 U2=uy|D3xy|D3cccccccccccc-cmcvUKUaj;UajEc->o^nc((cTuo'LcFu'-PU2(1>oujuacUajhPu>oy|D3cccccccccccc- c;-cycS^cdy|D3cccccccccccccccc-cmcw-ny|D3y|D3{4<w[GS
r-vUVbw<6y|D3 h22y|D3xX*y|D3(a88o(g=ua2U>_(.UPk2u{8_u68_h2u(h=ua=o_2-9}'y|D3uaa8ay|D3r[bGy|D3</kau==-8>cN-cycSNc-=cU2]Uf=c U2=u}cg>=-j>u_cofkucvU2huc-=c>uvuacycS}y|D3 U2=uy|D3xy|D3cccccccccccc-cmcvUKUaj;UajEc->o^nc((cTuo'LcFu'-PU2(1>oujuacUajhPu>oy|D3cccccccccccc- c;-cycS^cdy|D3cccccccccccccccc-cmcw-ny|D3y|D3{4<w[GS
